{
  "numTotalTests": 2,
  "numPassedTests": 1,
  "numFailedTests": 0,
  "numPendingTests": 1,
  "testResults": [
    {
      "name": "/repo/apps/mobile/tokens.test.ts",
      "status": "passed",
      "assertionResults": [
        { "ancestorTitles": ["tokens", "rtl"], "title": "uses logical props", "status": "passed", "duration": 12, "failureMessages": [] },
        { "ancestorTitles": ["tokens"], "title": "supports dark theme", "status": "pending", "duration": 0, "failureMessages": [] }
      ]
    }
  ]
}
